0 info it worked if it ends with ok
1 verbose cli [ '/usr/bin/node', '/usr/bin/npm', 'start' ]
2 info using npm@2.15.11
3 info using node@v4.8.7
4 verbose run-script [ 'prestart', 'start', 'poststart' ]
5 info prestart lnu-book-library@1.0.0
6 verbose unsafe-perm in lifecycle true
7 info lnu-book-library@1.0.0 Failed to exec prestart script
8 verbose stack Error: lnu-book-library@1.0.0 prestart: `npm test`
8 verbose stack Exit status 1
8 verbose stack     at EventEmitter.<anonymous> (/usr/lib/node_modules/npm/lib/utils/lifecycle.js:217:16)
8 verbose stack     at emitTwo (events.js:87:13)
8 verbose stack     at EventEmitter.emit (events.js:172:7)
8 verbose stack     at ChildProcess.<anonymous> (/usr/lib/node_modules/npm/lib/utils/spawn.js:24:14)
8 verbose stack     at emitTwo (events.js:87:13)
8 verbose stack     at ChildProcess.emit (events.js:172:7)
8 verbose stack     at maybeClose (internal/child_process.js:862:16)
8 verbose stack     at Process.ChildProcess._handle.onexit (internal/child_process.js:222:5)
9 verbose pkgid lnu-book-library@1.0.0
10 verbose cwd /vagrant
11 error Linux 3.13.0-139-generic
12 error argv "/usr/bin/node" "/usr/bin/npm" "start"
13 error node v4.8.7
14 error npm  v2.15.11
15 error code ELIFECYCLE
16 error lnu-book-library@1.0.0 prestart: `npm test`
16 error Exit status 1
17 error Failed at the lnu-book-library@1.0.0 prestart script 'npm test'.
17 error This is most likely a problem with the lnu-book-library package,
17 error not with npm itself.
17 error Tell the author that this fails on your system:
17 error     npm test
17 error You can get information on how to open an issue for this project with:
17 error     npm bugs lnu-book-library
17 error Or if that isn't available, you can get their info via:
17 error
17 error     npm owner ls lnu-book-library
17 error There is likely additional logging output above.
18 verbose exit [ 1, true ]
